d:\gecsemester2week1\gecsemester2week1\debug\vc143.pdb
d:\gecsemester2week1\gecsemester2week1\debug\vc143.idb
d:\gecsemester2week1\gecsemester2week1\debug\texture2d.obj
d:\gecsemester2week1\gecsemester2week1\debug\gamescreen.obj
d:\gecsemester2week1\gecsemester2week1\debug\source.obj
d:\gecsemester2week1\gecsemester2week1\debug\powblock.obj
d:\gecsemester2week1\gecsemester2week1\debug\levelmap.obj
d:\gecsemester2week1\gecsemester2week1\debug\gamescreenmanager.obj
d:\gecsemester2week1\gecsemester2week1\debug\gamescreenmainmenu.obj
d:\gecsemester2week1\gecsemester2week1\debug\gamescreenlevel1.obj
d:\gecsemester2week1\gecsemester2week1\debug\collisions.obj
d:\gecsemester2week1\gecsemester2week1\debug\charactermario.obj
d:\gecsemester2week1\gecsemester2week1\debug\characterluigi.obj
d:\gecsemester2week1\gecsemester2week1\debug\characterkoopa.obj
d:\gecsemester2week1\gecsemester2week1\debug\character.obj
d:\gecsemester2week1\debug\gecsemester2week1.exe
d:\gecsemester2week1\gecsemester2week1\debug\gecsemester2week1.ilk
d:\gecsemester2week1\debug\gecsemester2week1.pdb
d:\gecsemester2week1\gecsemester2week1\debug\gamescreenlevel1.obj.enc
d:\gecsemester2week1\gecsemester2week1\debug\gecsemes.acfa2c17.tlog\cl.command.1.tlog
d:\gecsemester2week1\gecsemester2week1\debug\gecsemes.acfa2c17.tlog\cl.read.1.tlog
d:\gecsemester2week1\gecsemester2week1\debug\gecsemes.acfa2c17.tlog\cl.write.1.tlog
d:\gecsemester2week1\gecsemester2week1\debug\gecsemes.acfa2c17.tlog\link.command.1.tlog
d:\gecsemester2week1\gecsemester2week1\debug\gecsemes.acfa2c17.tlog\link.read.1.tlog
d:\gecsemester2week1\gecsemester2week1\debug\gecsemes.acfa2c17.tlog\link.write.1.tlog
